[2025-04-12 15:46:08 +0000] [1084] [INFO] Worker exiting (pid: 1084)
[2025-04-12 15:46:08 +0000] [1053] [INFO] Worker exiting (pid: 1053)
[2025-04-12 15:46:08 +0000] [1118] [INFO] Worker exiting (pid: 1118)
[2025-04-12 15:46:08 +0000] [762] [INFO] Handling signal: term
[2025-04-12 15:46:08 +0000] [762] [ERROR] Worker (pid:1084) was sent SIGTERM!
[2025-04-12 15:46:08 +0000] [762] [ERROR] Worker (pid:1053) was sent SIGTERM!
[2025-04-12 15:46:08 +0000] [762] [ERROR] Worker (pid:1118) was sent SIGTERM!
[2025-04-12 15:46:08 +0000] [762] [INFO] Shutting down: Master
[2025-04-12 15:46:08 +0000] [2630] [INFO] Starting gunicorn 23.0.0
[2025-04-12 15:46:08 +0000] [2630] [INFO] Listening at: http://127.0.0.1:8000 (2630)
[2025-04-12 15:46:08 +0000] [2630] [INFO] Using worker: sync
[2025-04-12 15:46:08 +0000] [2632] [INFO] Booting worker with pid: 2632
[2025-04-12 15:46:08 +0000] [2633] [INFO] Booting worker with pid: 2633
[2025-04-12 15:46:08 +0000] [2634] [INFO] Booting worker with pid: 2634
[2025-04-12 18:03:46 +0000] [2633] [INFO] Worker exiting (pid: 2633)
[2025-04-12 18:03:46 +0000] [2634] [INFO] Worker exiting (pid: 2634)
[2025-04-12 18:03:46 +0000] [2632] [INFO] Worker exiting (pid: 2632)
[2025-04-12 18:03:46 +0000] [2630] [INFO] Handling signal: term
[2025-04-12 18:03:46 +0000] [2630] [ERROR] Worker (pid:2634) was sent SIGTERM!
[2025-04-12 18:03:46 +0000] [2630] [ERROR] Worker (pid:2632) was sent SIGTERM!
[2025-04-12 18:03:46 +0000] [2630] [ERROR] Worker (pid:2633) was sent SIGTERM!
[2025-04-12 18:03:46 +0000] [2630] [INFO] Shutting down: Master
[2025-04-12 18:03:47 +0000] [6600] [INFO] Starting gunicorn 23.0.0
[2025-04-12 18:03:47 +0000] [6600] [INFO] Listening at: http://127.0.0.1:8000 (6600)
[2025-04-12 18:03:47 +0000] [6600] [INFO] Using worker: sync
[2025-04-12 18:03:47 +0000] [6603] [INFO] Booting worker with pid: 6603
[2025-04-12 18:03:47 +0000] [6604] [INFO] Booting worker with pid: 6604
[2025-04-12 18:03:47 +0000] [6605] [INFO] Booting worker with pid: 6605
[2025-04-12 18:03:58 +0000] [6605] [INFO] Worker exiting (pid: 6605)
[2025-04-12 18:03:58 +0000] [6604] [INFO] Worker exiting (pid: 6604)
[2025-04-12 18:03:58 +0000] [6600] [INFO] Handling signal: term
[2025-04-12 18:03:58 +0000] [6600] [ERROR] Worker (pid:6604) was sent SIGTERM!
[2025-04-12 18:03:58 +0000] [6600] [ERROR] Worker (pid:6605) was sent SIGTERM!
[2025-04-12 18:03:58 +0000] [6603] [INFO] Worker exiting (pid: 6603)
[2025-04-12 18:03:58 +0000] [6600] [INFO] Shutting down: Master
[2025-04-12 18:03:59 +0000] [6626] [INFO] Starting gunicorn 23.0.0
[2025-04-12 18:03:59 +0000] [6626] [INFO] Listening at: http://127.0.0.1:8000 (6626)
[2025-04-12 18:03:59 +0000] [6626] [INFO] Using worker: sync
[2025-04-12 18:03:59 +0000] [6628] [INFO] Booting worker with pid: 6628
[2025-04-12 18:03:59 +0000] [6629] [INFO] Booting worker with pid: 6629
[2025-04-12 18:03:59 +0000] [6630] [INFO] Booting worker with pid: 6630
[2025-04-12 18:12:31 +0000] [6629] [INFO] Worker exiting (pid: 6629)
[2025-04-12 18:12:31 +0000] [6630] [INFO] Worker exiting (pid: 6630)
[2025-04-12 18:12:31 +0000] [6628] [INFO] Worker exiting (pid: 6628)
[2025-04-12 18:12:31 +0000] [6626] [INFO] Handling signal: term
[2025-04-12 18:12:31 +0000] [6626] [ERROR] Worker (pid:6630) was sent SIGTERM!
[2025-04-12 18:12:31 +0000] [6626] [ERROR] Worker (pid:6628) was sent SIGTERM!
[2025-04-12 18:12:31 +0000] [6626] [ERROR] Worker (pid:6629) was sent SIGTERM!
[2025-04-12 18:12:31 +0000] [6626] [INFO] Shutting down: Master
[2025-04-12 18:12:31 +0000] [6818] [INFO] Starting gunicorn 23.0.0
[2025-04-12 18:12:31 +0000] [6818] [INFO] Listening at: http://127.0.0.1:8000 (6818)
[2025-04-12 18:12:31 +0000] [6818] [INFO] Using worker: sync
[2025-04-12 18:12:31 +0000] [6820] [INFO] Booting worker with pid: 6820
[2025-04-12 18:12:31 +0000] [6821] [INFO] Booting worker with pid: 6821
[2025-04-12 18:12:31 +0000] [6822] [INFO] Booting worker with pid: 6822
[2025-04-12 18:13:58 +0000] [6822] [INFO] Worker exiting (pid: 6822)
[2025-04-12 18:13:58 +0000] [6820] [INFO] Worker exiting (pid: 6820)
[2025-04-12 18:13:58 +0000] [6818] [INFO] Handling signal: term
[2025-04-12 18:13:58 +0000] [6821] [INFO] Worker exiting (pid: 6821)
[2025-04-12 18:13:59 +0000] [6818] [ERROR] Worker (pid:6822) was sent SIGTERM!
[2025-04-12 18:13:59 +0000] [6818] [INFO] Shutting down: Master
[2025-04-12 18:13:59 +0000] [6923] [INFO] Starting gunicorn 23.0.0
[2025-04-12 18:13:59 +0000] [6923] [INFO] Listening at: http://127.0.0.1:8000 (6923)
[2025-04-12 18:13:59 +0000] [6923] [INFO] Using worker: sync
[2025-04-12 18:13:59 +0000] [6924] [INFO] Booting worker with pid: 6924
[2025-04-12 18:13:59 +0000] [6925] [INFO] Booting worker with pid: 6925
[2025-04-12 18:13:59 +0000] [6926] [INFO] Booting worker with pid: 6926
[2025-04-12 18:16:42 +0000] [6924] [INFO] Worker exiting (pid: 6924)
[2025-04-12 18:16:42 +0000] [6926] [INFO] Worker exiting (pid: 6926)
[2025-04-12 18:16:42 +0000] [6925] [INFO] Worker exiting (pid: 6925)
[2025-04-12 18:16:42 +0000] [6923] [INFO] Handling signal: term
[2025-04-12 18:16:42 +0000] [6923] [ERROR] Worker (pid:6925) was sent SIGTERM!
[2025-04-12 18:16:42 +0000] [6923] [ERROR] Worker (pid:6926) was sent SIGTERM!
[2025-04-12 18:16:42 +0000] [6923] [ERROR] Worker (pid:6924) was sent SIGTERM!
[2025-04-12 18:16:42 +0000] [6923] [INFO] Shutting down: Master
[2025-04-12 18:16:42 +0000] [7180] [INFO] Starting gunicorn 23.0.0
[2025-04-12 18:16:42 +0000] [7180] [INFO] Listening at: http://127.0.0.1:8000 (7180)
[2025-04-12 18:16:42 +0000] [7180] [INFO] Using worker: sync
[2025-04-12 18:16:42 +0000] [7181] [INFO] Booting worker with pid: 7181
[2025-04-12 18:16:42 +0000] [7182] [INFO] Booting worker with pid: 7182
[2025-04-12 18:16:42 +0000] [7183] [INFO] Booting worker with pid: 7183
[2025-04-12 18:17:56 +0000] [7181] [INFO] Worker exiting (pid: 7181)
[2025-04-12 18:17:56 +0000] [7182] [INFO] Worker exiting (pid: 7182)
[2025-04-12 18:17:56 +0000] [7183] [INFO] Worker exiting (pid: 7183)
[2025-04-12 18:17:56 +0000] [7180] [INFO] Handling signal: term
[2025-04-12 18:17:56 +0000] [7180] [ERROR] Worker (pid:7182) was sent SIGTERM!
[2025-04-12 18:17:56 +0000] [7180] [ERROR] Worker (pid:7181) was sent SIGTERM!
[2025-04-12 18:17:56 +0000] [7180] [ERROR] Worker (pid:7183) was sent SIGTERM!
[2025-04-12 18:17:56 +0000] [7180] [INFO] Shutting down: Master
[2025-04-12 18:17:56 +0000] [7251] [INFO] Starting gunicorn 23.0.0
[2025-04-12 18:17:56 +0000] [7251] [INFO] Listening at: http://127.0.0.1:8000 (7251)
[2025-04-12 18:17:56 +0000] [7251] [INFO] Using worker: sync
[2025-04-12 18:17:56 +0000] [7253] [INFO] Booting worker with pid: 7253
[2025-04-12 18:17:56 +0000] [7254] [INFO] Booting worker with pid: 7254
[2025-04-12 18:17:56 +0000] [7255] [INFO] Booting worker with pid: 7255
[2025-04-12 18:19:02 +0000] [7255] [INFO] Worker exiting (pid: 7255)
[2025-04-12 18:19:02 +0000] [7253] [INFO] Worker exiting (pid: 7253)
[2025-04-12 18:19:02 +0000] [7251] [INFO] Handling signal: term
[2025-04-12 18:19:02 +0000] [7254] [INFO] Worker exiting (pid: 7254)
[2025-04-12 18:19:02 +0000] [7251] [ERROR] Worker (pid:7255) was sent SIGTERM!
[2025-04-12 18:19:02 +0000] [7251] [INFO] Shutting down: Master
[2025-04-12 18:19:02 +0000] [7345] [INFO] Starting gunicorn 23.0.0
[2025-04-12 18:19:02 +0000] [7345] [INFO] Listening at: http://127.0.0.1:8000 (7345)
[2025-04-12 18:19:02 +0000] [7345] [INFO] Using worker: sync
[2025-04-12 18:19:02 +0000] [7346] [INFO] Booting worker with pid: 7346
[2025-04-12 18:19:03 +0000] [7347] [INFO] Booting worker with pid: 7347
[2025-04-12 18:19:03 +0000] [7348] [INFO] Booting worker with pid: 7348
[2025-04-12 18:21:23 +0000] [7348] [INFO] Worker exiting (pid: 7348)
[2025-04-12 18:21:23 +0000] [7345] [INFO] Handling signal: term
[2025-04-12 18:21:23 +0000] [7347] [INFO] Worker exiting (pid: 7347)
[2025-04-12 18:21:23 +0000] [7346] [INFO] Worker exiting (pid: 7346)
[2025-04-12 18:21:23 +0000] [7345] [INFO] Shutting down: Master
[2025-04-12 18:21:23 +0000] [7491] [INFO] Starting gunicorn 23.0.0
[2025-04-12 18:21:23 +0000] [7491] [INFO] Listening at: http://127.0.0.1:8000 (7491)
[2025-04-12 18:21:23 +0000] [7491] [INFO] Using worker: sync
[2025-04-12 18:21:23 +0000] [7492] [INFO] Booting worker with pid: 7492
[2025-04-12 18:21:23 +0000] [7493] [INFO] Booting worker with pid: 7493
[2025-04-12 18:21:23 +0000] [7494] [INFO] Booting worker with pid: 7494
[2025-04-12 18:22:45 +0000] [7494] [INFO] Worker exiting (pid: 7494)
[2025-04-12 18:22:45 +0000] [7492] [INFO] Worker exiting (pid: 7492)
[2025-04-12 18:22:45 +0000] [7493] [INFO] Worker exiting (pid: 7493)
[2025-04-12 18:22:45 +0000] [7491] [INFO] Handling signal: term
[2025-04-12 18:22:45 +0000] [7491] [ERROR] Worker (pid:7494) was sent SIGTERM!
[2025-04-12 18:22:45 +0000] [7491] [ERROR] Worker (pid:7492) was sent SIGTERM!
[2025-04-12 18:22:45 +0000] [7491] [ERROR] Worker (pid:7493) was sent SIGTERM!
[2025-04-12 18:22:45 +0000] [7491] [INFO] Shutting down: Master
[2025-04-12 18:22:46 +0000] [7631] [INFO] Starting gunicorn 23.0.0
[2025-04-12 18:22:46 +0000] [7631] [INFO] Listening at: http://127.0.0.1:8000 (7631)
[2025-04-12 18:22:46 +0000] [7631] [INFO] Using worker: sync
[2025-04-12 18:22:46 +0000] [7633] [INFO] Booting worker with pid: 7633
[2025-04-12 18:22:46 +0000] [7634] [INFO] Booting worker with pid: 7634
[2025-04-12 18:22:46 +0000] [7635] [INFO] Booting worker with pid: 7635
[2025-04-12 18:23:49 +0000] [7631] [INFO] Handling signal: term
[2025-04-12 18:23:49 +0000] [7635] [INFO] Worker exiting (pid: 7635)
[2025-04-12 18:23:49 +0000] [7634] [INFO] Worker exiting (pid: 7634)
[2025-04-12 18:23:49 +0000] [7633] [INFO] Worker exiting (pid: 7633)
[2025-04-12 18:23:50 +0000] [7631] [INFO] Shutting down: Master
[2025-04-12 18:23:50 +0000] [7723] [INFO] Starting gunicorn 23.0.0
[2025-04-12 18:23:50 +0000] [7723] [INFO] Listening at: http://127.0.0.1:8000 (7723)
[2025-04-12 18:23:50 +0000] [7723] [INFO] Using worker: sync
[2025-04-12 18:23:50 +0000] [7724] [INFO] Booting worker with pid: 7724
[2025-04-12 18:23:50 +0000] [7725] [INFO] Booting worker with pid: 7725
[2025-04-12 18:23:50 +0000] [7726] [INFO] Booting worker with pid: 7726
[2025-04-12 19:04:10 +0000] [7724] [INFO] Worker exiting (pid: 7724)
[2025-04-12 19:04:10 +0000] [7725] [INFO] Worker exiting (pid: 7725)
[2025-04-12 19:04:10 +0000] [7723] [INFO] Handling signal: term
[2025-04-12 19:04:10 +0000] [7726] [INFO] Worker exiting (pid: 7726)
[2025-04-12 19:04:10 +0000] [7723] [ERROR] Worker (pid:7725) was sent SIGTERM!
[2025-04-12 19:04:10 +0000] [7723] [ERROR] Worker (pid:7724) was sent SIGTERM!
[2025-04-12 19:04:11 +0000] [7723] [INFO] Shutting down: Master
[2025-04-12 19:04:11 +0000] [25565] [INFO] Starting gunicorn 23.0.0
[2025-04-12 19:04:11 +0000] [25565] [INFO] Listening at: http://127.0.0.1:8000 (25565)
[2025-04-12 19:04:11 +0000] [25565] [INFO] Using worker: sync
[2025-04-12 19:04:11 +0000] [25567] [INFO] Booting worker with pid: 25567
[2025-04-12 19:04:11 +0000] [25568] [INFO] Booting worker with pid: 25568
[2025-04-12 19:04:11 +0000] [25569] [INFO] Booting worker with pid: 25569
[2025-04-12 19:05:34 +0000] [25568] [INFO] Worker exiting (pid: 25568)
[2025-04-12 19:05:34 +0000] [25567] [INFO] Worker exiting (pid: 25567)
[2025-04-12 19:05:34 +0000] [25569] [INFO] Worker exiting (pid: 25569)
[2025-04-12 19:05:34 +0000] [25565] [INFO] Handling signal: term
[2025-04-12 19:05:34 +0000] [25565] [ERROR] Worker (pid:25568) was sent SIGTERM!
[2025-04-12 19:05:34 +0000] [25565] [ERROR] Worker (pid:25567) was sent SIGTERM!
[2025-04-12 19:05:34 +0000] [25565] [INFO] Shutting down: Master
[2025-04-12 19:05:35 +0000] [27061] [INFO] Starting gunicorn 23.0.0
[2025-04-12 19:05:35 +0000] [27061] [INFO] Listening at: http://127.0.0.1:8000 (27061)
[2025-04-12 19:05:35 +0000] [27061] [INFO] Using worker: sync
[2025-04-12 19:05:35 +0000] [27063] [INFO] Booting worker with pid: 27063
[2025-04-12 19:05:35 +0000] [27064] [INFO] Booting worker with pid: 27064
[2025-04-12 19:05:35 +0000] [27065] [INFO] Booting worker with pid: 27065
[2025-04-12 19:06:17 +0000] [27063] [INFO] Worker exiting (pid: 27063)
[2025-04-12 19:06:17 +0000] [27064] [INFO] Worker exiting (pid: 27064)
[2025-04-12 19:06:17 +0000] [27061] [INFO] Handling signal: term
[2025-04-12 19:06:17 +0000] [27065] [INFO] Worker exiting (pid: 27065)
[2025-04-12 19:06:17 +0000] [27061] [ERROR] Worker (pid:27064) was sent SIGTERM!
[2025-04-12 19:06:17 +0000] [27061] [ERROR] Worker (pid:27063) was sent SIGTERM!
[2025-04-12 19:06:17 +0000] [27061] [INFO] Shutting down: Master
[2025-04-12 19:06:17 +0000] [27100] [INFO] Starting gunicorn 23.0.0
[2025-04-12 19:06:17 +0000] [27100] [INFO] Listening at: http://127.0.0.1:8000 (27100)
[2025-04-12 19:06:17 +0000] [27100] [INFO] Using worker: sync
[2025-04-12 19:06:17 +0000] [27101] [INFO] Booting worker with pid: 27101
[2025-04-12 19:06:17 +0000] [27102] [INFO] Booting worker with pid: 27102
[2025-04-12 19:06:17 +0000] [27103] [INFO] Booting worker with pid: 27103
[2025-04-12 19:26:59 +0000] [27103] [INFO] Worker exiting (pid: 27103)
[2025-04-12 19:26:59 +0000] [27102] [INFO] Worker exiting (pid: 27102)
[2025-04-12 19:26:59 +0000] [27101] [INFO] Worker exiting (pid: 27101)
[2025-04-12 19:26:59 +0000] [27100] [INFO] Handling signal: term
[2025-04-12 19:26:59 +0000] [27100] [ERROR] Worker (pid:27102) was sent SIGTERM!
[2025-04-12 19:26:59 +0000] [27100] [ERROR] Worker (pid:27101) was sent SIGTERM!
[2025-04-12 19:26:59 +0000] [27100] [ERROR] Worker (pid:27103) was sent SIGTERM!
[2025-04-12 19:26:59 +0000] [27100] [INFO] Shutting down: Master
[2025-04-12 19:26:59 +0000] [33151] [INFO] Starting gunicorn 23.0.0
[2025-04-12 19:26:59 +0000] [33151] [INFO] Listening at: http://127.0.0.1:8000 (33151)
[2025-04-12 19:26:59 +0000] [33151] [INFO] Using worker: sync
[2025-04-12 19:26:59 +0000] [33153] [INFO] Booting worker with pid: 33153
[2025-04-12 19:26:59 +0000] [33154] [INFO] Booting worker with pid: 33154
[2025-04-12 19:26:59 +0000] [33155] [INFO] Booting worker with pid: 33155
[2025-04-12 19:28:36 +0000] [33153] [INFO] Worker exiting (pid: 33153)
[2025-04-12 19:28:36 +0000] [33151] [INFO] Handling signal: term
[2025-04-12 19:28:36 +0000] [33154] [INFO] Worker exiting (pid: 33154)
[2025-04-12 19:28:36 +0000] [33155] [INFO] Worker exiting (pid: 33155)
[2025-04-12 19:28:36 +0000] [33151] [ERROR] Worker (pid:33153) was sent SIGTERM!
[2025-04-12 19:28:36 +0000] [33151] [INFO] Shutting down: Master
[2025-04-12 19:28:36 +0000] [33203] [INFO] Starting gunicorn 23.0.0
[2025-04-12 19:28:36 +0000] [33203] [INFO] Listening at: http://127.0.0.1:8000 (33203)
[2025-04-12 19:28:36 +0000] [33203] [INFO] Using worker: sync
[2025-04-12 19:28:36 +0000] [33204] [INFO] Booting worker with pid: 33204
[2025-04-12 19:28:37 +0000] [33205] [INFO] Booting worker with pid: 33205
[2025-04-12 19:28:37 +0000] [33206] [INFO] Booting worker with pid: 33206
[2025-04-12 19:32:13 +0000] [33204] [INFO] Worker exiting (pid: 33204)
[2025-04-12 19:32:13 +0000] [33206] [INFO] Worker exiting (pid: 33206)
[2025-04-12 19:32:13 +0000] [33205] [INFO] Worker exiting (pid: 33205)
[2025-04-12 19:32:13 +0000] [33203] [INFO] Handling signal: term
[2025-04-12 19:32:13 +0000] [33203] [ERROR] Worker (pid:33206) was sent SIGTERM!
[2025-04-12 19:32:13 +0000] [33203] [ERROR] Worker (pid:33204) was sent SIGTERM!
[2025-04-12 19:32:13 +0000] [33203] [ERROR] Worker (pid:33205) was sent SIGTERM!
[2025-04-12 19:32:13 +0000] [33203] [INFO] Shutting down: Master
[2025-04-12 19:32:14 +0000] [33393] [INFO] Starting gunicorn 23.0.0
[2025-04-12 19:32:14 +0000] [33393] [INFO] Listening at: http://127.0.0.1:8000 (33393)
[2025-04-12 19:32:14 +0000] [33393] [INFO] Using worker: sync
[2025-04-12 19:32:14 +0000] [33395] [INFO] Booting worker with pid: 33395
[2025-04-12 19:32:14 +0000] [33396] [INFO] Booting worker with pid: 33396
[2025-04-12 19:32:14 +0000] [33397] [INFO] Booting worker with pid: 33397
[2025-04-12 19:35:05 +0000] [33396] [INFO] Worker exiting (pid: 33396)
[2025-04-12 19:35:05 +0000] [33395] [INFO] Worker exiting (pid: 33395)
[2025-04-12 19:35:05 +0000] [33397] [INFO] Worker exiting (pid: 33397)
[2025-04-12 19:35:05 +0000] [33393] [INFO] Handling signal: term
[2025-04-12 19:35:05 +0000] [33393] [ERROR] Worker (pid:33395) was sent SIGTERM!
[2025-04-12 19:35:05 +0000] [33393] [ERROR] Worker (pid:33397) was sent SIGTERM!
[2025-04-12 19:35:06 +0000] [33393] [INFO] Shutting down: Master
[2025-04-12 19:35:06 +0000] [33559] [INFO] Starting gunicorn 23.0.0
[2025-04-12 19:35:06 +0000] [33559] [INFO] Listening at: http://127.0.0.1:8000 (33559)
[2025-04-12 19:35:06 +0000] [33559] [INFO] Using worker: sync
[2025-04-12 19:35:06 +0000] [33568] [INFO] Booting worker with pid: 33568
[2025-04-12 19:35:06 +0000] [33569] [INFO] Booting worker with pid: 33569
[2025-04-12 19:35:06 +0000] [33570] [INFO] Booting worker with pid: 33570
[2025-04-12 19:37:24 +0000] [33559] [INFO] Handling signal: term
[2025-04-12 19:37:24 +0000] [33569] [INFO] Worker exiting (pid: 33569)
[2025-04-12 19:37:24 +0000] [33568] [INFO] Worker exiting (pid: 33568)
[2025-04-12 19:37:24 +0000] [33570] [INFO] Worker exiting (pid: 33570)
[2025-04-12 19:37:24 +0000] [33559] [INFO] Shutting down: Master
[2025-04-12 19:37:25 +0000] [33749] [INFO] Starting gunicorn 23.0.0
[2025-04-12 19:37:25 +0000] [33749] [INFO] Listening at: http://127.0.0.1:8000 (33749)
[2025-04-12 19:37:25 +0000] [33749] [INFO] Using worker: sync
[2025-04-12 19:37:25 +0000] [33750] [INFO] Booting worker with pid: 33750
[2025-04-12 19:37:25 +0000] [33751] [INFO] Booting worker with pid: 33751
[2025-04-12 19:37:25 +0000] [33752] [INFO] Booting worker with pid: 33752
[2025-04-12 19:39:28 +0000] [33751] [INFO] Worker exiting (pid: 33751)
[2025-04-12 19:39:28 +0000] [33749] [INFO] Handling signal: term
[2025-04-12 19:39:28 +0000] [33750] [INFO] Worker exiting (pid: 33750)
[2025-04-12 19:39:28 +0000] [33752] [INFO] Worker exiting (pid: 33752)
[2025-04-12 19:39:29 +0000] [33749] [INFO] Shutting down: Master
[2025-04-12 19:39:29 +0000] [33907] [INFO] Starting gunicorn 23.0.0
[2025-04-12 19:39:29 +0000] [33907] [INFO] Listening at: http://127.0.0.1:8000 (33907)
[2025-04-12 19:39:29 +0000] [33907] [INFO] Using worker: sync
[2025-04-12 19:39:29 +0000] [33908] [INFO] Booting worker with pid: 33908
[2025-04-12 19:39:29 +0000] [33909] [INFO] Booting worker with pid: 33909
[2025-04-12 19:39:29 +0000] [33910] [INFO] Booting worker with pid: 33910
[2025-04-12 19:40:28 +0000] [33907] [INFO] Handling signal: term
[2025-04-12 19:40:28 +0000] [33908] [INFO] Worker exiting (pid: 33908)
[2025-04-12 19:40:28 +0000] [33910] [INFO] Worker exiting (pid: 33910)
[2025-04-12 19:40:28 +0000] [33909] [INFO] Worker exiting (pid: 33909)
[2025-04-12 19:40:28 +0000] [33907] [ERROR] Worker (pid:33908) was sent SIGTERM!
[2025-04-12 19:40:28 +0000] [33907] [ERROR] Worker (pid:33910) was sent SIGTERM!
[2025-04-12 19:40:28 +0000] [33907] [INFO] Shutting down: Master
[2025-04-12 19:40:29 +0000] [34046] [INFO] Starting gunicorn 23.0.0
[2025-04-12 19:40:29 +0000] [34046] [INFO] Listening at: http://127.0.0.1:8000 (34046)
[2025-04-12 19:40:29 +0000] [34046] [INFO] Using worker: sync
[2025-04-12 19:40:29 +0000] [34048] [INFO] Booting worker with pid: 34048
[2025-04-12 19:40:29 +0000] [34049] [INFO] Booting worker with pid: 34049
[2025-04-12 19:40:29 +0000] [34050] [INFO] Booting worker with pid: 34050
[2025-04-12 19:42:38 +0000] [34049] [INFO] Worker exiting (pid: 34049)
[2025-04-12 19:42:38 +0000] [34050] [INFO] Worker exiting (pid: 34050)
[2025-04-12 19:42:38 +0000] [34046] [INFO] Handling signal: term
[2025-04-12 19:42:38 +0000] [34048] [INFO] Worker exiting (pid: 34048)
[2025-04-12 19:42:38 +0000] [34046] [ERROR] Worker (pid:34049) was sent SIGTERM!
[2025-04-12 19:42:38 +0000] [34046] [INFO] Shutting down: Master
[2025-04-12 19:42:38 +0000] [34189] [INFO] Starting gunicorn 23.0.0
[2025-04-12 19:42:38 +0000] [34189] [INFO] Listening at: http://127.0.0.1:8000 (34189)
[2025-04-12 19:42:38 +0000] [34189] [INFO] Using worker: sync
[2025-04-12 19:42:38 +0000] [34190] [INFO] Booting worker with pid: 34190
[2025-04-12 19:42:38 +0000] [34191] [INFO] Booting worker with pid: 34191
[2025-04-12 19:42:38 +0000] [34192] [INFO] Booting worker with pid: 34192
[2025-04-12 19:47:57 +0000] [34191] [INFO] Worker exiting (pid: 34191)
[2025-04-12 19:47:57 +0000] [34192] [INFO] Worker exiting (pid: 34192)
[2025-04-12 19:47:57 +0000] [34190] [INFO] Worker exiting (pid: 34190)
[2025-04-12 19:47:57 +0000] [34189] [INFO] Handling signal: term
[2025-04-12 19:47:57 +0000] [34189] [ERROR] Worker (pid:34190) was sent SIGTERM!
[2025-04-12 19:47:57 +0000] [34189] [ERROR] Worker (pid:34191) was sent SIGTERM!
[2025-04-12 19:47:57 +0000] [34189] [ERROR] Worker (pid:34192) was sent SIGTERM!
[2025-04-12 19:47:57 +0000] [34189] [INFO] Shutting down: Master
[2025-04-12 19:47:57 +0000] [34515] [INFO] Starting gunicorn 23.0.0
[2025-04-12 19:47:57 +0000] [34515] [INFO] Listening at: http://127.0.0.1:8000 (34515)
[2025-04-12 19:47:57 +0000] [34515] [INFO] Using worker: sync
[2025-04-12 19:47:57 +0000] [34516] [INFO] Booting worker with pid: 34516
[2025-04-12 19:47:58 +0000] [34517] [INFO] Booting worker with pid: 34517
[2025-04-12 19:47:58 +0000] [34518] [INFO] Booting worker with pid: 34518
[2025-04-12 19:53:15 +0000] [34516] [INFO] Worker exiting (pid: 34516)
[2025-04-12 19:53:15 +0000] [34518] [INFO] Worker exiting (pid: 34518)
[2025-04-12 19:53:15 +0000] [34517] [INFO] Worker exiting (pid: 34517)
[2025-04-12 19:53:15 +0000] [34515] [INFO] Handling signal: term
[2025-04-12 19:53:15 +0000] [34515] [ERROR] Worker (pid:34516) was sent SIGTERM!
[2025-04-12 19:53:15 +0000] [34515] [ERROR] Worker (pid:34518) was sent SIGTERM!
[2025-04-12 19:53:15 +0000] [34515] [ERROR] Worker (pid:34517) was sent SIGTERM!
[2025-04-12 19:53:15 +0000] [34515] [INFO] Shutting down: Master
[2025-04-12 19:53:15 +0000] [34748] [INFO] Starting gunicorn 23.0.0
[2025-04-12 19:53:15 +0000] [34748] [INFO] Listening at: http://127.0.0.1:8000 (34748)
[2025-04-12 19:53:15 +0000] [34748] [INFO] Using worker: sync
[2025-04-12 19:53:15 +0000] [34750] [INFO] Booting worker with pid: 34750
[2025-04-12 19:53:15 +0000] [34751] [INFO] Booting worker with pid: 34751
[2025-04-12 19:53:15 +0000] [34752] [INFO] Booting worker with pid: 34752
[2025-04-12 19:56:46 +0000] [34751] [INFO] Worker exiting (pid: 34751)
[2025-04-12 19:56:46 +0000] [34752] [INFO] Worker exiting (pid: 34752)
[2025-04-12 19:56:46 +0000] [34750] [INFO] Worker exiting (pid: 34750)
[2025-04-12 19:56:46 +0000] [34748] [INFO] Handling signal: term
[2025-04-12 19:56:46 +0000] [34748] [ERROR] Worker (pid:34750) was sent SIGTERM!
[2025-04-12 19:56:46 +0000] [34748] [ERROR] Worker (pid:34752) was sent SIGTERM!
[2025-04-12 19:56:46 +0000] [34748] [INFO] Shutting down: Master
[2025-04-12 19:56:46 +0000] [34914] [INFO] Starting gunicorn 23.0.0
[2025-04-12 19:56:46 +0000] [34914] [INFO] Listening at: http://127.0.0.1:8000 (34914)
[2025-04-12 19:56:46 +0000] [34914] [INFO] Using worker: sync
[2025-04-12 19:56:46 +0000] [34915] [INFO] Booting worker with pid: 34915
[2025-04-12 19:56:46 +0000] [34916] [INFO] Booting worker with pid: 34916
[2025-04-12 19:56:46 +0000] [34917] [INFO] Booting worker with pid: 34917
[2025-04-12 20:01:20 +0000] [34916] [INFO] Worker exiting (pid: 34916)
[2025-04-12 20:01:20 +0000] [34915] [INFO] Worker exiting (pid: 34915)
[2025-04-12 20:01:20 +0000] [34917] [INFO] Worker exiting (pid: 34917)
[2025-04-12 20:01:20 +0000] [34914] [INFO] Handling signal: term
[2025-04-12 20:01:20 +0000] [34914] [ERROR] Worker (pid:34916) was sent SIGTERM!
[2025-04-12 20:01:20 +0000] [34914] [ERROR] Worker (pid:34915) was sent SIGTERM!
[2025-04-12 20:01:20 +0000] [34914] [ERROR] Worker (pid:34917) was sent SIGTERM!
[2025-04-12 20:01:20 +0000] [34914] [INFO] Shutting down: Master
[2025-04-12 20:01:20 +0000] [35122] [INFO] Starting gunicorn 23.0.0
[2025-04-12 20:01:20 +0000] [35122] [INFO] Listening at: http://127.0.0.1:8000 (35122)
[2025-04-12 20:01:20 +0000] [35122] [INFO] Using worker: sync
[2025-04-12 20:01:20 +0000] [35124] [INFO] Booting worker with pid: 35124
[2025-04-12 20:01:20 +0000] [35125] [INFO] Booting worker with pid: 35125
[2025-04-12 20:01:20 +0000] [35126] [INFO] Booting worker with pid: 35126
